--------------------NUEVO LOG--------------------
Tiempo del evento: Thu Dec 12 13:23 (CET).
COMUNICACIÓN REALIZADA: nombre del host: nogal, dirección IP: 212.128.144.105, protocolo de transporte: TCP, nº de puerto efímero del cliente: 40974.
ORDEN RECIBIDA: nombre del host: nogal, dirección IP: 212.128.144.105, protocolo de transporte: TCP, puerto del cliente: 40974, orden: i5138288.
RESPUESTA ENVIADA: nombre del host: nogal, dirección IP: 212.128.144.105, protocolo de transporte: TCP, puerto del cliente: 40974, respuesta mandada:
 Login: i5138288                      Name: Dominguez Parra Daniel        
Directory: /home/i5138288                Shell: /bin/bash                     
On since Desconocido                    on pts/?  from ?              
?                             
No mail.
No Plan.
.
COMUNICACIÓN FINALIZADA: nombre del host: nogal, dirección IP: 212.128.144.105, protocolo de transporte: TCP, nº de puerto efímero del cliente: 40974.
--------------------NUEVO LOG--------------------
Tiempo del evento: Thu Dec 12 13:23 (CET).
COMUNICACIÓN REALIZADA: nombre del host: nogal, dirección IP: 212.128.144.105, protocolo de transporte: UDP, nº de puerto efímero del cliente: 48500.
ORDEN RECIBIDA: nombre del host: nogal, dirección IP: 212.128.144.105, protocolo de transporte: UDP, puerto del cliente: 48500, orden: i5138288.
RESPUESTA ENVIADA: nombre del host: nogal, dirección IP: 212.128.144.105, protocolo de transporte: UDP, puerto del cliente: 48500, respuesta mandada:
 Login: i5138288                      Name: Dominguez Parra Daniel        
Directory: /home/i5138288                Shell: /bin/bash                     
On since Desconocido                    on pts/?  from ?              
?                             
No mail.
No Plan.
.
COMUNICACIÓN FINALIZADA: nombre del host: nogal, dirección IP: 212.128.144.105, protocolo de transporte: UDP, nº de puerto efímero del cliente: 48500.
--------------------NUEVO LOG--------------------
Tiempo del evento: Thu Dec 12 13:24 (CET).
COMUNICACIÓN REALIZADA: nombre del host: nogal, dirección IP: 212.128.144.105, protocolo de transporte: UDP, nº de puerto efímero del cliente: 34328.
ORDEN RECIBIDA: nombre del host: nogal, dirección IP: 212.128.144.105, protocolo de transporte: UDP, puerto del cliente: 34328, orden: i5138288.
RESPUESTA ENVIADA: nombre del host: nogal, dirección IP: 212.128.144.105, protocolo de transporte: UDP, puerto del cliente: 34328, respuesta mandada:
 Login: i5138288                      Name: Dominguez Parra Daniel        
Directory: /home/i5138288                Shell: /bin/bash                     
On since Desconocido                    on pts/?  from ?              
?                             
No mail.
No Plan.
Login: i5138288                      Name: Dominguez Parra Daniel        
Directory: /home/i5138288                Shell: /bin/bash                     
On since Desconocido                    on pts/?  from ?              
?                             
No mail.
No Plan.
.
COMUNICACIÓN FINALIZADA: nombre del host: nogal, dirección IP: 212.128.144.105, protocolo de transporte: UDP, nº de puerto efímero del cliente: 34328.
--------------------NUEVO LOG--------------------
Tiempo del evento: Thu Dec 12 13:24 (CET).
COMUNICACIÓN REALIZADA: nombre del host: nogal, dirección IP: 212.128.144.105, protocolo de transporte: UDP, nº de puerto efímero del cliente: 51161.
ORDEN RECIBIDA: nombre del host: nogal, dirección IP: 212.128.144.105, protocolo de transporte: UDP, puerto del cliente: 51161, orden: i5138288.
RESPUESTA ENVIADA: nombre del host: nogal, dirección IP: 212.128.144.105, protocolo de transporte: UDP, puerto del cliente: 51161, respuesta mandada:
 Login: i5138288                      Name: Dominguez Parra Daniel        
Directory: /home/i5138288                Shell: /bin/bash                     
On since Desconocido                    on pts/?  from ?              
?                             
No mail.
No Plan.
Login: i5138288                      Name: Dominguez Parra Daniel        
Directory: /home/i5138288                Shell: /bin/bash                     
On since Desconocido                    on pts/?  from ?              
?                             
No mail.
No Plan.
Login: i5138288                      Name: Dominguez Parra Daniel        
Directory: /home/i5138288                Shell: /bin/bash                     
On since Desconocido                    on pts/?  from ?              
?                             
No mail.
No Plan.
.
COMUNICACIÓN FINALIZADA: nombre del host: nogal, dirección IP: 212.128.144.105, protocolo de transporte: UDP, nº de puerto efímero del cliente: 51161.
--------------------NUEVO LOG--------------------
Tiempo del evento: Thu Dec 12 13:24 (CET).
COMUNICACIÓN REALIZADA: nombre del host: nogal, dirección IP: 212.128.144.105, protocolo de transporte: UDP, nº de puerto efímero del cliente: 48021.
ORDEN RECIBIDA: nombre del host: nogal, dirección IP: 212.128.144.105, protocolo de transporte: UDP, puerto del cliente: 48021, orden: i5138288.
RESPUESTA ENVIADA: nombre del host: nogal, dirección IP: 212.128.144.105, protocolo de transporte: UDP, puerto del cliente: 48021, respuesta mandada:
 Login: i5138288                      Name: Dominguez Parra Daniel        
Directory: /home/i5138288                Shell: /bin/bash                     
On since Desconocido                    on pts/?  from ?              
?                             
No mail.
No Plan.
Login: i5138288                      Name: Dominguez Parra Daniel        
Directory: /home/i5138288                Shell: /bin/bash                     
On since Desconocido                    on pts/?  from ?              
?                             
No mail.
No Plan.
Login: i5138288                      Name: Dominguez Parra Daniel        
Directory: /home/i5138288                Shell: /bin/bash                     
On since Desconocido                    on pts/?  from ?              
?                             
No mail.
No Plan.
Login: i5138288                      Name: Dominguez Parra Daniel        
Directory: /home/i5138288                Shell: /bin/bash                     
On since Desconocido                    on pts/?  from ?              
?                             
No mail.
No Plan.
.
COMUNICACIÓN FINALIZADA: nombre del host: nogal, dirección IP: 212.128.144.105, protocolo de transporte: UDP, nº de puerto efímero del cliente: 48021.
--------------------NUEVO LOG--------------------
Tiempo del evento: Thu Dec 12 13:24 (CET).
COMUNICACIÓN REALIZADA: nombre del host: nogal, dirección IP: 212.128.144.105, protocolo de transporte: UDP, nº de puerto efímero del cliente: 44505.
ORDEN RECIBIDA: nombre del host: nogal, dirección IP: 212.128.144.105, protocolo de transporte: UDP, puerto del cliente: 44505, orden: i5138288.
RESPUESTA ENVIADA: nombre del host: nogal, dirección IP: 212.128.144.105, protocolo de transporte: UDP, puerto del cliente: 44505, respuesta mandada:
 Login: i5138288                      Name: Dominguez Parra Daniel        
Directory: /home/i5138288                Shell: /bin/bash                     
On since Desconocido                    on pts/?  from ?              
?                             
No mail.
No Plan.
Login: i5138288                      Name: Dominguez Parra Daniel        
Directory: /home/i5138288                Shell: /bin/bash                     
On since Desconocido                    on pts/?  from ?              
?                             
No mail.
No Plan.
Login: i5138288                      Name: Dominguez Parra Daniel        
Directory: /home/i5138288                Shell: /bin/bash                     
On since Desconocido                    on pts/?  from ?              
?                             
No mail.
No Plan.
Login: i5138288                      Name: Dominguez Parra Daniel        
Directory: /home/i5138288                Shell: /bin/bash                     
On since Desconocido                    on pts/?  from ?              
?                             
No mail.
No Plan.
Login: i5138288                      Name: Dominguez Parra Daniel        
Directory: /home/i5138288                Shell: /bin/bash                     
On since Desconocido                    on pts/?  from ?              
?                             
No mail.
No Plan.
.
COMUNICACIÓN FINALIZADA: nombre del host: nogal, dirección IP: 212.128.144.105, protocolo de transporte: UDP, nº de puerto efímero del cliente: 44505.
--------------------NUEVO LOG--------------------
Tiempo del evento: Thu Dec 12 13:24 (CET).
COMUNICACIÓN REALIZADA: nombre del host: nogal, dirección IP: 212.128.144.105, protocolo de transporte: UDP, nº de puerto efímero del cliente: 59255.
ORDEN RECIBIDA: nombre del host: nogal, dirección IP: 212.128.144.105, protocolo de transporte: UDP, puerto del cliente: 59255, orden: i5138288.
RESPUESTA ENVIADA: nombre del host: nogal, dirección IP: 212.128.144.105, protocolo de transporte: UDP, puerto del cliente: 59255, respuesta mandada:
 Login: i5138288                      Name: